
SQL*Loader: Release 11.2.0.2.0 - Production on Mié Oct 18 01:29:40 2017

Copyright (c) 1982, 2009, Oracle and/or its affiliates.  All rights reserved.

Control File:   SentenciaInsertCliente.ctl
Data File:      DatosCliente.csv
  Bad File:     DatosCliente.bad
  Discard File:  none specified
 
 (Allow all discards)

Number to load: ALL
Number to skip: 0
Errors allowed: 50
Bind array:     64 rows, maximum of 256000 bytes
Continuation:    none specified
Path used:      Conventional

Table CLIENTE, loaded from every logical record.
Insert option in effect for this table: REPLACE
TRAILING NULLCOLS option in effect

   Column Name                  Position   Len  Term Encl Datatype
------------------------------ ---------- ----- ---- ---- ---------------------
CLIDNI                              FIRST     *   ;       CHARACTER            
CLINOMBRE                            NEXT     *   ;       CHARACTER            
CLIAPELLIDO                          NEXT     *   ;       CHARACTER            


Table CLIENTE:
  20 Rows successfully loaded.
  0 Rows not loaded due to data errors.
  0 Rows not loaded because all WHEN clauses were failed.
  0 Rows not loaded because all fields were null.


Space allocated for bind array:                  49536 bytes(64 rows)
Read   buffer bytes: 1048576

Total logical records skipped:          0
Total logical records read:            20
Total logical records rejected:         0
Total logical records discarded:        0

Run began on Mié Oct 18 01:29:40 2017
Run ended on Mié Oct 18 01:29:40 2017

Elapsed time was:     00:00:00.12
CPU time was:         00:00:00.05
